# JRE version: OpenJDK Runtime Environment (21.0.8) (build 21.0.8+-14018985-b1038.68)
# Java VM: OpenJDK 64-Bit Server VM (21.0.8+-14018985-b1038.68, mixed mode, tiered, compressed oops, compressed class ptrs, g1 gc, windows-amd64)
GC Precious Log:
 CardTable entry size: 512
 Card Set container configuration: InlinePtr #cards 4 size 8 Array Of Cards #cards 16 size 48 Howl #buckets 8 coarsen threshold 3686 Howl Bitmap #cards 512 size 80 coarsen threshold 460 Card regions per heap region 1 cards per card region 4096
 CPUs: 8 total, 8 available
 Memory: 7455M
 Large Page Support: Disabled
 NUMA Support: Disabled
 Compressed Oops: Enabled (Zero based)
 Heap Region Size: 2M
 Heap Min Capacity: 8M
 Heap Initial Capacity: 118M
 Heap Max Capacity: 3048M
 Pre-touch: Disabled
 Parallel Workers: 8
 Concurrent Workers: 2
 Concurrent Refinement Workers: 8
 Periodic GC: Disabled
Heap:
 garbage-first heap   total 815104K, used 663510K [0x0000000741800000, 0x0000000800000000)
  region size 2048K, 130 young (266240K), 17 survivors (34816K)
 Metaspace       used 200071K, committed 202816K, reserved 1245184K
  class space    used 26981K, committed 28288K, reserved 1048576K
GC Heap History (20 events):
Event: 143.052 GC heap after
{Heap after GC invocations=82 (full 0):
 garbage-first heap   total 550912K, used 313482K [0x0000000741800000, 0x0000000800000000)
  region size 2048K, 5 young (10240K), 5 survivors (10240K)
 Metaspace       used 197016K, committed 199744K, reserved 1245184K
  class space    used 26622K, committed 27968K, reserved 1048576K
}
Event: 143.768 GC heap before
{Heap before GC invocations=82 (full 0):
 garbage-first heap   total 550912K, used 510090K [0x0000000741800000, 0x0000000800000000)
  region size 2048K, 101 young (206848K), 5 survivors (10240K)
 Metaspace       used 197102K, committed 199808K, reserved 1245184K
  class space    used 26628K, committed 27968K, reserved 1048576K
}
Event: 143.779 GC heap after
{Heap after GC invocations=83 (full 0):
 garbage-first heap   total 550912K, used 284342K [0x0000000741800000, 0x0000000800000000)
  region size 2048K, 4 young (8192K), 4 survivors (8192K)
 Metaspace       used 197102K, committed 199808K, reserved 1245184K
  class space    used 26628K, committed 27968K, reserved 1048576K
}
Event: 144.824 GC heap before
{Heap before GC invocations=83 (full 0):
 garbage-first heap   total 550912K, used 511670K [0x0000000741800000, 0x0000000800000000)
  region size 2048K, 115 young (235520K), 4 survivors (8192K)
 Metaspace       used 197299K, committed 200000K, reserved 1245184K
  class space    used 26648K, committed 27968K, reserved 1048576K
}
Event: 144.836 GC heap after
{Heap after GC invocations=84 (full 0):
 garbage-first heap   total 550912K, used 287589K [0x0000000741800000, 0x0000000800000000)
  region size 2048K, 6 young (12288K), 6 survivors (12288K)
 Metaspace       used 197299K, committed 200000K, reserved 1245184K
  class space    used 26648K, committed 27968K, reserved 1048576K
}
Event: 145.998 GC heap before
{Heap before GC invocations=85 (full 0):
 garbage-first heap   total 550912K, used 506725K [0x0000000741800000, 0x0000000800000000)
  region size 2048K, 113 young (231424K), 6 survivors (12288K)
 Metaspace       used 197397K, committed 200128K, reserved 1245184K
  class space    used 26662K, committed 28032K, reserved 1048576K
}
Event: 146.011 GC heap after
{Heap after GC invocations=86 (full 0):
 garbage-first heap   total 655360K, used 287335K [0x0000000741800000, 0x0000000800000000)
  region size 2048K, 6 young (12288K), 6 survivors (12288K)
 Metaspace       used 197397K, committed 200128K, reserved 1245184K
  class space    used 26662K, committed 28032K, reserved 1048576K
}
Event: 147.596 GC heap before
{Heap before GC invocations=86 (full 0):
 garbage-first heap   total 655360K, used 606823K [0x0000000741800000, 0x0000000800000000)
  region size 2048K, 162 young (331776K), 6 survivors (12288K)
 Metaspace       used 197469K, committed 200192K, reserved 1245184K
  class space    used 26667K, committed 28032K, reserved 1048576K
}
Event: 147.612 GC heap after
{Heap after GC invocations=87 (full 0):
 garbage-first heap   total 655360K, used 280547K [0x0000000741800000, 0x0000000800000000)
  region size 2048K, 6 young (12288K), 6 survivors (12288K)
 Metaspace       used 197469K, committed 200192K, reserved 1245184K
  class space    used 26667K, committed 28032K, reserved 1048576K
}
Event: 148.843 GC heap before
{Heap before GC invocations=87 (full 0):
 garbage-first heap   total 655360K, used 606179K [0x0000000741800000, 0x0000000800000000)
  region size 2048K, 166 young (339968K), 6 survivors (12288K)
 Metaspace       used 197527K, committed 200256K, reserved 1245184K
  class space    used 26667K, committed 28032K, reserved 1048576K
}
Event: 148.854 GC heap after
{Heap after GC invocations=88 (full 0):
 garbage-first heap   total 655360K, used 280113K [0x0000000741800000, 0x0000000800000000)
  region size 2048K, 6 young (12288K), 6 survivors (12288K)
 Metaspace       used 197527K, committed 200256K, reserved 1245184K
  class space    used 26667K, committed 28032K, reserved 1048576K
}
Event: 150.202 GC heap before
{Heap before GC invocations=89 (full 0):
 garbage-first heap   total 655360K, used 605745K [0x0000000741800000, 0x0000000800000000)
  region size 2048K, 166 young (339968K), 6 survivors (12288K)
 Metaspace       used 197692K, committed 200384K, reserved 1245184K
  class space    used 26677K, committed 28032K, reserved 1048576K
}
Event: 150.213 GC heap after
{Heap after GC invocations=90 (full 0):
 garbage-first heap   total 655360K, used 279550K [0x0000000741800000, 0x0000000800000000)
  region size 2048K, 5 young (10240K), 5 survivors (10240K)
 Metaspace       used 197692K, committed 200384K, reserved 1245184K
  class space    used 26677K, committed 28032K, reserved 1048576K
}
Event: 152.194 GC heap before
{Heap before GC invocations=90 (full 0):
 garbage-first heap   total 655360K, used 609278K [0x0000000741800000, 0x0000000800000000)
  region size 2048K, 167 young (342016K), 5 survivors (10240K)
 Metaspace       used 197812K, committed 200512K, reserved 1245184K
  class space    used 26692K, committed 28032K, reserved 1048576K
}
Event: 152.207 GC heap after
{Heap after GC invocations=91 (full 0):
 garbage-first heap   total 655360K, used 268602K [0x0000000741800000, 0x0000000800000000)
  region size 2048K, 4 young (8192K), 4 survivors (8192K)
 Metaspace       used 197812K, committed 200512K, reserved 1245184K
  class space    used 26692K, committed 28032K, reserved 1048576K
}
Event: 155.187 GC heap before
{Heap before GC invocations=91 (full 0):
 garbage-first heap   total 655360K, used 489786K [0x0000000741800000, 0x0000000800000000)
  region size 2048K, 114 young (233472K), 4 survivors (8192K)
 Metaspace       used 198601K, committed 201344K, reserved 1245184K
  class space    used 26793K, committed 28160K, reserved 1048576K
}
Event: 155.199 GC heap after
{Heap after GC invocations=92 (full 0):
 garbage-first heap   total 655360K, used 270696K [0x0000000741800000, 0x0000000800000000)
  region size 2048K, 5 young (10240K), 5 survivors (10240K)
 Metaspace       used 198601K, committed 201344K, reserved 1245184K
  class space    used 26793K, committed 28160K, reserved 1048576K
}
Event: 157.681 GC heap before
{Heap before GC invocations=93 (full 0):
 garbage-first heap   total 655360K, used 651624K [0x0000000741800000, 0x0000000800000000)
  region size 2048K, 146 young (299008K), 5 survivors (10240K)
 Metaspace       used 200048K, committed 202688K, reserved 1245184K
  class space    used 26981K, committed 28288K, reserved 1048576K
}
Event: 157.792 GC heap after
{Heap after GC invocations=94 (full 0):
 garbage-first heap   total 763904K, used 432086K [0x0000000741800000, 0x0000000800000000)
  region size 2048K, 22 young (45056K), 22 survivors (45056K)
 Metaspace       used 200048K, committed 202688K, reserved 1245184K
  class space    used 26981K, committed 28288K, reserved 1048576K
}
Event: 158.491 GC heap before
{Heap before GC invocations=94 (full 0):
 garbage-first heap   total 763904K, used 663510K [0x0000000741800000, 0x0000000800000000)
  region size 2048K, 135 young (276480K), 22 survivors (45056K)
 Metaspace       used 200071K, committed 202816K, reserved 1245184K
  class space    used 26981K, committed 28288K, reserved 1048576K
}

