# JRE version: OpenJDK Runtime Environment (21.0.8) (build 21.0.8+-14018985-b1038.68)
# Java VM: OpenJDK 64-Bit Server VM (21.0.8+-14018985-b1038.68, mixed mode, tiered, compressed oops, compressed class ptrs, g1 gc, windows-amd64)
GC Precious Log:
 CardTable entry size: 512
 Card Set container configuration: InlinePtr #cards 4 size 8 Array Of Cards #cards 16 size 48 Howl #buckets 8 coarsen threshold 3686 Howl Bitmap #cards 512 size 80 coarsen threshold 460 Card regions per heap region 1 cards per card region 4096
 CPUs: 8 total, 8 available
 Memory: 7455M
 Large Page Support: Disabled
 NUMA Support: Disabled
 Compressed Oops: Enabled (Zero based)
 Heap Region Size: 2M
 Heap Min Capacity: 8M
 Heap Initial Capacity: 118M
 Heap Max Capacity: 3048M
 Pre-touch: Disabled
 Parallel Workers: 8
 Concurrent Workers: 2
 Concurrent Refinement Workers: 8
 Periodic GC: Disabled
Heap:
 garbage-first heap   total 1054720K, used 779242K [0x0000000741800000, 0x0000000800000000)
  region size 2048K, 125 young (256000K), 22 survivors (45056K)
 Metaspace       used 228806K, committed 231872K, reserved 1310720K
  class space    used 30136K, committed 31616K, reserved 1048576K
GC Heap History (20 events):
Event: 58.527 GC heap before
{Heap before GC invocations=77 (full 0):
 garbage-first heap   total 399360K, used 351707K [0x0000000741800000, 0x0000000800000000)
  region size 2048K, 38 young (77824K), 7 survivors (14336K)
 Metaspace       used 148137K, committed 150464K, reserved 1179648K
  class space    used 20218K, committed 21376K, reserved 1048576K
}
Event: 58.575 GC heap after
{Heap after GC invocations=78 (full 0):
 garbage-first heap   total 399360K, used 321515K [0x0000000741800000, 0x0000000800000000)
  region size 2048K, 5 young (10240K), 5 survivors (10240K)
 Metaspace       used 148137K, committed 150464K, reserved 1179648K
  class space    used 20218K, committed 21376K, reserved 1048576K
}
Event: 59.112 GC heap before
{Heap before GC invocations=79 (full 0):
 garbage-first heap   total 536576K, used 358379K [0x0000000741800000, 0x0000000800000000)
  region size 2048K, 24 young (49152K), 5 survivors (10240K)
 Metaspace       used 148249K, committed 150592K, reserved 1179648K
  class space    used 20242K, committed 21440K, reserved 1048576K
}
Event: 59.138 GC heap after
{Heap after GC invocations=80 (full 0):
 garbage-first heap   total 536576K, used 342016K [0x0000000741800000, 0x0000000800000000)
  region size 2048K, 3 young (6144K), 3 survivors (6144K)
 Metaspace       used 148249K, committed 150592K, reserved 1179648K
  class space    used 20242K, committed 21440K, reserved 1048576K
}
Event: 59.632 GC heap before
{Heap before GC invocations=80 (full 0):
 garbage-first heap   total 536576K, used 438272K [0x0000000741800000, 0x0000000800000000)
  region size 2048K, 51 young (104448K), 3 survivors (6144K)
 Metaspace       used 148471K, committed 150784K, reserved 1179648K
  class space    used 20280K, committed 21440K, reserved 1048576K
}
Event: 59.682 GC heap after
{Heap after GC invocations=81 (full 0):
 garbage-first heap   total 536576K, used 384000K [0x0000000741800000, 0x0000000800000000)
  region size 2048K, 7 young (14336K), 7 survivors (14336K)
 Metaspace       used 148471K, committed 150784K, reserved 1179648K
  class space    used 20280K, committed 21440K, reserved 1048576K
}
Event: 60.043 GC heap before
{Heap before GC invocations=81 (full 0):
 garbage-first heap   total 536576K, used 457728K [0x0000000741800000, 0x0000000800000000)
  region size 2048K, 43 young (88064K), 7 survivors (14336K)
 Metaspace       used 148693K, committed 151104K, reserved 1179648K
  class space    used 20305K, committed 21504K, reserved 1048576K
}
Event: 60.091 GC heap after
{Heap after GC invocations=82 (full 0):
 garbage-first heap   total 1054720K, used 417792K [0x0000000741800000, 0x0000000800000000)
  region size 2048K, 6 young (12288K), 6 survivors (12288K)
 Metaspace       used 148693K, committed 151104K, reserved 1179648K
  class space    used 20305K, committed 21504K, reserved 1048576K
}
Event: 65.310 GC heap before
{Heap before GC invocations=83 (full 0):
 garbage-first heap   total 1054720K, used 720896K [0x0000000741800000, 0x0000000800000000)
  region size 2048K, 155 young (317440K), 6 survivors (12288K)
 Metaspace       used 154198K, committed 156608K, reserved 1245184K
  class space    used 21074K, committed 22272K, reserved 1048576K
}
Event: 65.381 GC heap after
{Heap after GC invocations=84 (full 0):
 garbage-first heap   total 1054720K, used 470687K [0x0000000741800000, 0x0000000800000000)
  region size 2048K, 20 young (40960K), 20 survivors (40960K)
 Metaspace       used 154198K, committed 156608K, reserved 1245184K
  class space    used 21074K, committed 22272K, reserved 1048576K
}
Event: 69.315 GC heap before
{Heap before GC invocations=84 (full 0):
 garbage-first heap   total 1054720K, used 800415K [0x0000000741800000, 0x0000000800000000)
  region size 2048K, 174 young (356352K), 20 survivors (40960K)
 Metaspace       used 157290K, committed 159744K, reserved 1245184K
  class space    used 21472K, committed 22656K, reserved 1048576K
}
Event: 69.369 GC heap after
{Heap after GC invocations=85 (full 0):
 garbage-first heap   total 1054720K, used 500864K [0x0000000741800000, 0x0000000800000000)
  region size 2048K, 11 young (22528K), 11 survivors (22528K)
 Metaspace       used 157290K, committed 159744K, reserved 1245184K
  class space    used 21472K, committed 22656K, reserved 1048576K
}
Event: 72.167 GC heap before
{Heap before GC invocations=85 (full 0):
 garbage-first heap   total 1054720K, used 871552K [0x0000000741800000, 0x0000000800000000)
  region size 2048K, 177 young (362496K), 11 survivors (22528K)
 Metaspace       used 158525K, committed 160960K, reserved 1245184K
  class space    used 21639K, committed 22848K, reserved 1048576K
}
Event: 72.216 GC heap after
{Heap after GC invocations=86 (full 0):
 garbage-first heap   total 1054720K, used 575274K [0x0000000741800000, 0x0000000800000000)
  region size 2048K, 23 young (47104K), 23 survivors (47104K)
 Metaspace       used 158525K, committed 160960K, reserved 1245184K
  class space    used 21639K, committed 22848K, reserved 1048576K
}
Event: 72.371 GC heap before
{Heap before GC invocations=86 (full 0):
 garbage-first heap   total 1054720K, used 603946K [0x0000000741800000, 0x0000000800000000)
  region size 2048K, 31 young (63488K), 23 survivors (47104K)
 Metaspace       used 158533K, committed 160960K, reserved 1245184K
  class space    used 21639K, committed 22848K, reserved 1048576K
}
Event: 72.405 GC heap after
{Heap after GC invocations=87 (full 0):
 garbage-first heap   total 1054720K, used 581770K [0x0000000741800000, 0x0000000800000000)
  region size 2048K, 2 young (4096K), 2 survivors (4096K)
 Metaspace       used 158533K, committed 160960K, reserved 1245184K
  class space    used 21639K, committed 22848K, reserved 1048576K
}
Event: 194.181 GC heap before
{Heap before GC invocations=88 (full 0):
 garbage-first heap   total 1054720K, used 940170K [0x0000000741800000, 0x0000000800000000)
  region size 2048K, 167 young (342016K), 2 survivors (4096K)
 Metaspace       used 182687K, committed 185280K, reserved 1245184K
  class space    used 25034K, committed 26304K, reserved 1048576K
}
Event: 194.207 GC heap after
{Heap after GC invocations=89 (full 0):
 garbage-first heap   total 1054720K, used 596236K [0x0000000741800000, 0x0000000800000000)
  region size 2048K, 10 young (20480K), 10 survivors (20480K)
 Metaspace       used 182687K, committed 185280K, reserved 1245184K
  class space    used 25034K, committed 26304K, reserved 1048576K
}
Event: 202.573 GC heap before
{Heap before GC invocations=89 (full 0):
 garbage-first heap   total 1054720K, used 946444K [0x0000000741800000, 0x0000000800000000)
  region size 2048K, 175 young (358400K), 10 survivors (20480K)
 Metaspace       used 214735K, committed 217728K, reserved 1245184K
  class space    used 28780K, committed 30208K, reserved 1048576K
}
Event: 202.723 GC heap after
{Heap after GC invocations=90 (full 0):
 garbage-first heap   total 1054720K, used 570346K [0x0000000741800000, 0x0000000800000000)
  region size 2048K, 22 young (45056K), 22 survivors (45056K)
 Metaspace       used 214735K, committed 217728K, reserved 1245184K
  class space    used 28780K, committed 30208K, reserved 1048576K
}

