# JRE version: OpenJDK Runtime Environment (21.0.8) (build 21.0.8+-14018985-b1038.68)
# Java VM: OpenJDK 64-Bit Server VM (21.0.8+-14018985-b1038.68, mixed mode, tiered, compressed oops, compressed class ptrs, g1 gc, windows-amd64)
GC Precious Log:
 CardTable entry size: 512
 Card Set container configuration: InlinePtr #cards 4 size 8 Array Of Cards #cards 16 size 48 Howl #buckets 8 coarsen threshold 3686 Howl Bitmap #cards 512 size 80 coarsen threshold 460 Card regions per heap region 1 cards per card region 4096
 CPUs: 8 total, 8 available
 Memory: 7455M
 Large Page Support: Disabled
 NUMA Support: Disabled
 Compressed Oops: Enabled (Zero based)
 Heap Region Size: 2M
 Heap Min Capacity: 8M
 Heap Initial Capacity: 118M
 Heap Max Capacity: 4048M
 Pre-touch: Disabled
 Parallel Workers: 8
 Concurrent Workers: 2
 Concurrent Refinement Workers: 8
 Periodic GC: Disabled
Heap:
 garbage-first heap   total 858112K, used 532173K [0x0000000703000000, 0x0000000800000000)
  region size 2048K, 3 young (6144K), 3 survivors (6144K)
 Metaspace       used 178314K, committed 180992K, reserved 1245184K
  class space    used 23915K, committed 25280K, reserved 1048576K
GC Heap History (20 events):
Event: 76.385 GC heap after
{Heap after GC invocations=76 (full 0):
 garbage-first heap   total 520192K, used 288432K [0x0000000703000000, 0x0000000800000000)
  region size 2048K, 6 young (12288K), 6 survivors (12288K)
 Metaspace       used 163244K, committed 165824K, reserved 1245184K
  class space    used 21820K, committed 23104K, reserved 1048576K
}
Event: 79.397 GC heap before
{Heap before GC invocations=76 (full 0):
 garbage-first heap   total 520192K, used 499376K [0x0000000703000000, 0x0000000800000000)
  region size 2048K, 92 young (188416K), 6 survivors (12288K)
 Metaspace       used 165750K, committed 168320K, reserved 1245184K
  class space    used 22029K, committed 23296K, reserved 1048576K
}
Event: 79.410 GC heap after
{Heap after GC invocations=77 (full 0):
 garbage-first heap   total 520192K, used 276228K [0x0000000703000000, 0x0000000800000000)
  region size 2048K, 4 young (8192K), 4 survivors (8192K)
 Metaspace       used 165750K, committed 168320K, reserved 1245184K
  class space    used 22029K, committed 23296K, reserved 1048576K
}
Event: 83.022 GC heap before
{Heap before GC invocations=77 (full 0):
 garbage-first heap   total 520192K, used 472836K [0x0000000703000000, 0x0000000800000000)
  region size 2048K, 101 young (206848K), 4 survivors (8192K)
 Metaspace       used 168682K, committed 171328K, reserved 1245184K
  class space    used 22383K, committed 23680K, reserved 1048576K
}
Event: 83.036 GC heap after
{Heap after GC invocations=78 (full 0):
 garbage-first heap   total 520192K, used 283398K [0x0000000703000000, 0x0000000800000000)
  region size 2048K, 7 young (14336K), 7 survivors (14336K)
 Metaspace       used 168682K, committed 171328K, reserved 1245184K
  class space    used 22383K, committed 23680K, reserved 1048576K
}
Event: 86.196 GC heap before
{Heap before GC invocations=79 (full 0):
 garbage-first heap   total 520192K, used 467718K [0x0000000703000000, 0x0000000800000000)
  region size 2048K, 101 young (206848K), 7 survivors (14336K)
 Metaspace       used 170069K, committed 172800K, reserved 1245184K
  class space    used 22562K, committed 23936K, reserved 1048576K
}
Event: 86.217 GC heap after
{Heap after GC invocations=80 (full 0):
 garbage-first heap   total 520192K, used 284830K [0x0000000703000000, 0x0000000800000000)
  region size 2048K, 11 young (22528K), 11 survivors (22528K)
 Metaspace       used 170069K, committed 172800K, reserved 1245184K
  class space    used 22562K, committed 23936K, reserved 1048576K
}
Event: 89.097 GC heap before
{Heap before GC invocations=80 (full 0):
 garbage-first heap   total 520192K, used 503966K [0x0000000703000000, 0x0000000800000000)
  region size 2048K, 100 young (204800K), 11 survivors (22528K)
 Metaspace       used 174979K, committed 177664K, reserved 1245184K
  class space    used 23261K, committed 24640K, reserved 1048576K
}
Event: 89.129 GC heap after
{Heap after GC invocations=81 (full 0):
 garbage-first heap   total 559104K, used 311027K [0x0000000703000000, 0x0000000800000000)
  region size 2048K, 13 young (26624K), 13 survivors (26624K)
 Metaspace       used 174979K, committed 177664K, reserved 1245184K
  class space    used 23261K, committed 24640K, reserved 1048576K
}
Event: 89.130 GC heap before
{Heap before GC invocations=81 (full 0):
 garbage-first heap   total 559104K, used 311027K [0x0000000703000000, 0x0000000800000000)
  region size 2048K, 14 young (28672K), 13 survivors (26624K)
 Metaspace       used 174979K, committed 177664K, reserved 1245184K
  class space    used 23261K, committed 24640K, reserved 1048576K
}
Event: 89.140 GC heap after
{Heap after GC invocations=82 (full 0):
 garbage-first heap   total 559104K, used 314639K [0x0000000703000000, 0x0000000800000000)
  region size 2048K, 1 young (2048K), 1 survivors (2048K)
 Metaspace       used 174979K, committed 177664K, reserved 1245184K
  class space    used 23261K, committed 24640K, reserved 1048576K
}
Event: 90.531 GC heap before
{Heap before GC invocations=83 (full 0):
 garbage-first heap   total 604160K, used 505103K [0x0000000703000000, 0x0000000800000000)
  region size 2048K, 70 young (143360K), 1 survivors (2048K)
 Metaspace       used 175300K, committed 177920K, reserved 1245184K
  class space    used 23308K, committed 24640K, reserved 1048576K
}
Event: 90.594 GC heap after
{Heap after GC invocations=84 (full 0):
 garbage-first heap   total 604160K, used 392477K [0x0000000703000000, 0x0000000800000000)
  region size 2048K, 9 young (18432K), 9 survivors (18432K)
 Metaspace       used 175300K, committed 177920K, reserved 1245184K
  class space    used 23308K, committed 24640K, reserved 1048576K
}
Event: 91.746 GC heap before
{Heap before GC invocations=84 (full 0):
 garbage-first heap   total 604160K, used 513309K [0x0000000703000000, 0x0000000800000000)
  region size 2048K, 66 young (135168K), 9 survivors (18432K)
 Metaspace       used 178309K, committed 180992K, reserved 1245184K
  class space    used 23915K, committed 25280K, reserved 1048576K
}
Event: 91.825 GC heap after
{Heap after GC invocations=85 (full 0):
 garbage-first heap   total 604160K, used 440320K [0x0000000703000000, 0x0000000800000000)
  region size 2048K, 9 young (18432K), 9 survivors (18432K)
 Metaspace       used 178309K, committed 180992K, reserved 1245184K
  class space    used 23915K, committed 25280K, reserved 1048576K
}
Event: 92.114 GC heap before
{Heap before GC invocations=85 (full 0):
 garbage-first heap   total 604160K, used 522240K [0x0000000703000000, 0x0000000800000000)
  region size 2048K, 50 young (102400K), 9 survivors (18432K)
 Metaspace       used 178312K, committed 180992K, reserved 1245184K
  class space    used 23915K, committed 25280K, reserved 1048576K
}
Event: 92.182 GC heap after
{Heap after GC invocations=86 (full 0):
 garbage-first heap   total 604160K, used 484352K [0x0000000703000000, 0x0000000800000000)
  region size 2048K, 7 young (14336K), 7 survivors (14336K)
 Metaspace       used 178312K, committed 180992K, reserved 1245184K
  class space    used 23915K, committed 25280K, reserved 1048576K
}
Event: 92.550 GC heap before
{Heap before GC invocations=86 (full 0):
 garbage-first heap   total 604160K, used 541696K [0x0000000703000000, 0x0000000800000000)
  region size 2048K, 35 young (71680K), 7 survivors (14336K)
 Metaspace       used 178313K, committed 180992K, reserved 1245184K
  class space    used 23915K, committed 25280K, reserved 1048576K
}
Event: 92.585 GC heap after
{Heap after GC invocations=87 (full 0):
 garbage-first heap   total 604160K, used 515072K [0x0000000703000000, 0x0000000800000000)
  region size 2048K, 5 young (10240K), 5 survivors (10240K)
 Metaspace       used 178313K, committed 180992K, reserved 1245184K
  class space    used 23915K, committed 25280K, reserved 1048576K
}
Event: 94.111 GC heap before
{Heap before GC invocations=87 (full 0):
 garbage-first heap   total 858112K, used 545792K [0x0000000703000000, 0x0000000800000000)
  region size 2048K, 21 young (43008K), 5 survivors (10240K)
 Metaspace       used 178314K, committed 180992K, reserved 1245184K
  class space    used 23915K, committed 25280K, reserved 1048576K
}

